c:\users\zack\desktop\project_template v.2(1)\project_template\x64\release\vc142.pdb
c:\users\zack\desktop\project_template v.2(1)\project_template\x64\release\scenebasic_uniform.obj
c:\users\zack\desktop\project_template v.2(1)\project_template\x64\release\main.obj
c:\users\zack\desktop\project_template v.2(1)\project_template\x64\release\imgui_widgets.obj
c:\users\zack\desktop\project_template v.2(1)\project_template\x64\release\imgui_tables.obj
c:\users\zack\desktop\project_template v.2(1)\project_template\x64\release\imgui_impl_opengl3.obj
c:\users\zack\desktop\project_template v.2(1)\project_template\x64\release\imgui_impl_glfw.obj
c:\users\zack\desktop\project_template v.2(1)\project_template\x64\release\imgui_draw.obj
c:\users\zack\desktop\project_template v.2(1)\project_template\x64\release\imgui_demo.obj
c:\users\zack\desktop\project_template v.2(1)\project_template\x64\release\imgui.obj
c:\users\zack\desktop\project_template v.2(1)\project_template\x64\release\torus.obj
c:\users\zack\desktop\project_template v.2(1)\project_template\x64\release\teapot.obj
c:\users\zack\desktop\project_template v.2(1)\project_template\x64\release\stb_image.obj
c:\users\zack\desktop\project_template v.2(1)\project_template\x64\release\glutils.obj
c:\users\zack\desktop\project_template v.2(1)\project_template\x64\release\glslprogram.obj
c:\users\zack\desktop\project_template v.2(1)\project_template\x64\release\frustum.obj
c:\users\zack\desktop\project_template v.2(1)\project_template\x64\release\trianglemesh.obj
c:\users\zack\desktop\project_template v.2(1)\project_template\x64\release\texture.obj
c:\users\zack\desktop\project_template v.2(1)\project_template\x64\release\plane.obj
c:\users\zack\desktop\project_template v.2(1)\project_template\x64\release\objmesh.obj
c:\users\zack\desktop\project_template v.2(1)\project_template\x64\release\glad.obj
c:\users\zack\desktop\project_template v.2(1)\project_template\x64\release\gl3w.obj
c:\users\zack\desktop\project_template v.2(1)\project_template\x64\release\project_template.exe
c:\users\zack\desktop\project_template v.2(1)\project_template\x64\release\project_template.pdb
c:\users\zack\desktop\project_template v.2(1)\project_template\x64\release\project_template.ipdb
c:\users\zack\desktop\project_template v.2(1)\project_template\x64\release\project_template.iobj
c:\users\zack\desktop\project_template v.2(1)\project_template\x64\release\project_template.tlog\cl.command.1.tlog
c:\users\zack\desktop\project_template v.2(1)\project_template\x64\release\project_template.tlog\cl.read.1.tlog
c:\users\zack\desktop\project_template v.2(1)\project_template\x64\release\project_template.tlog\cl.write.1.tlog
c:\users\zack\desktop\project_template v.2(1)\project_template\x64\release\project_template.tlog\link.command.1.tlog
c:\users\zack\desktop\project_template v.2(1)\project_template\x64\release\project_template.tlog\link.read.1.tlog
c:\users\zack\desktop\project_template v.2(1)\project_template\x64\release\project_template.tlog\link.write.1.tlog
c:\users\zack\desktop\project_template v.2(1)\project_template\x64\release\project_template.tlog\project_template.write.1u.tlog
